0 info it worked if it ends with ok
1 verbose cli [ 'C:\\Program Files\\nodejs\\node.exe',
1 verbose cli   'C:\\Program Files\\nodejs\\node_modules\\npm\\bin\\npm-cli.js',
1 verbose cli   'publish' ]
2 info using npm@3.10.10
3 info using node@v6.9.5
4 verbose publish [ '.' ]
5 silly cache add args [ '.', null ]
6 verbose cache add spec .
7 silly cache add parsed spec Result {
7 silly cache add   raw: '.',
7 silly cache add   scope: null,
7 silly cache add   escapedName: null,
7 silly cache add   name: null,
7 silly cache add   rawSpec: '.',
7 silly cache add   spec: 'D:\\yofc-ng-multi-select',
7 silly cache add   type: 'directory' }
8 verbose addLocalDirectory C:\Users\lafeillou\AppData\Roaming\npm-cache\yofc-ng-multi-select\4.0.0\package.tgz not in flight; packing
9 verbose correctMkdir C:\Users\lafeillou\AppData\Roaming\npm-cache correctMkdir not in flight; initializing
10 info lifecycle yofc-ng-multi-select@4.0.0~prepublish: yofc-ng-multi-select@4.0.0
11 silly lifecycle yofc-ng-multi-select@4.0.0~prepublish: no script for prepublish, continuing
12 verbose tar pack [ 'C:\\Users\\lafeillou\\AppData\\Roaming\\npm-cache\\yofc-ng-multi-select\\4.0.0\\package.tgz',
12 verbose tar pack   'D:\\yofc-ng-multi-select' ]
13 verbose tarball C:\Users\lafeillou\AppData\Roaming\npm-cache\yofc-ng-multi-select\4.0.0\package.tgz
14 verbose folder D:\yofc-ng-multi-select
15 verbose stack TypeError: Path must be a string. Received [ 'isteven-multi-select.js', 'isteven-multi-select.css' ]
15 verbose stack     at assertPath (path.js:7:11)
15 verbose stack     at Object.resolve (path.js:186:7)
15 verbose stack     at InstancePacker.BundledPacker.applyIgnores (C:\Users\lafeillou\AppData\Roaming\nvm\v6.9.5\node_modules\npm\lib\utils\tar.js:89:59)
15 verbose stack     at InstancePacker.<anonymous> (C:\Users\lafeillou\AppData\Roaming\nvm\v6.9.5\node_modules\npm\node_modules\fstream-npm\node_modules\fstream-ignore\ignore.js:181:17)
15 verbose stack     at Array.filter (native)
15 verbose stack     at InstancePacker.IgnoreReader.filterEntries (C:\Users\lafeillou\AppData\Roaming\nvm\v6.9.5\node_modules\npm\node_modules\fstream-npm\node_modules\fstream-ignore\ignore.js:179:31)
15 verbose stack     at InstancePacker.<anonymous> (C:\Users\lafeillou\AppData\Roaming\nvm\v6.9.5\node_modules\npm\node_modules\fstream-npm\node_modules\fstream-ignore\ignore.js:92:12)
15 verbose stack     at InstancePacker.<anonymous> (C:\Users\lafeillou\AppData\Roaming\nvm\v6.9.5\node_modules\npm\node_modules\fstream-npm\node_modules\fstream-ignore\ignore.js:134:5)
15 verbose stack     at C:\Users\lafeillou\AppData\Roaming\nvm\v6.9.5\node_modules\npm\node_modules\graceful-fs\graceful-fs.js:78:16
15 verbose stack     at FSReqWrap.readFileAfterClose [as oncomplete] (fs.js:445:3)
16 verbose cwd D:\yofc-ng-multi-select
17 error Windows_NT 6.1.7601
18 error argv "C:\\Program Files\\nodejs\\node.exe" "C:\\Program Files\\nodejs\\node_modules\\npm\\bin\\npm-cli.js" "publish"
19 error node v6.9.5
20 error npm  v3.10.10
21 error Path must be a string. Received [ 'isteven-multi-select.js', 'isteven-multi-select.css' ]
22 error If you need help, you may report this error at:
22 error     <https://github.com/npm/npm/issues>
23 verbose exit [ 1, true ]
